<?xml version="1.0" encoding="UTF-8"?>
<!-- Generated by org.testng.reporters.JUnitReportReporter -->
<testsuite hostname="Prashantg-MacBook-Air.local" failures="0" tests="1" name="com.api.test.getApi" time="0.963" errors="0" timestamp="2024-04-06T19:00:01 IST" skipped="0">
  <testcase classname="com.api.test.getApi" name="getapi" time="0.963"/>
</testsuite> <!-- com.api.test.getApi -->
